\BOOKMARK [0][-]{chapter.1}{Introduction}{}% 1
\BOOKMARK [1][-]{section.1.1}{Related Work}{chapter.1}% 2
\BOOKMARK [0][-]{chapter.2}{Theory}{}% 3
\BOOKMARK [1][-]{section.2.1}{2D Image Processing}{chapter.2}% 4
\BOOKMARK [1][-]{section.2.2}{Fourier Transformation}{chapter.2}% 5
\BOOKMARK [2][-]{subsection.2.2.1}{One Dimensional FT}{section.2.2}% 6
\BOOKMARK [2][-]{subsection.2.2.2}{Two Dimensional FT}{section.2.2}% 7
\BOOKMARK [1][-]{section.2.3}{Scattering Transform}{chapter.2}% 8
\BOOKMARK [2][-]{subsection.2.3.1}{Filter Bank}{section.2.3}% 9
\BOOKMARK [2][-]{subsection.2.3.2}{Scattering Paths}{section.2.3}% 10
\BOOKMARK [2][-]{subsection.2.3.3}{Scattering Networks}{section.2.3}% 11
\BOOKMARK [2][-]{subsection.2.3.4}{Properties of the Scattering Transform}{section.2.3}% 12
\BOOKMARK [1][-]{section.2.4}{Convolutional Neural Networks}{chapter.2}% 13
\BOOKMARK [1][-]{section.2.5}{Hybrid Networks for Classification}{chapter.2}% 14
\BOOKMARK [1][-]{section.2.6}{Object Detection}{chapter.2}% 15
\BOOKMARK [2][-]{subsection.2.6.1}{Single Shot Multibox Detector \(SSD\)}{section.2.6}% 16
\BOOKMARK [1][-]{section.2.7}{Hybrid Networks for Object Detection}{chapter.2}% 17
\BOOKMARK [2][-]{subsection.2.7.1}{Sequential Hybrid Networks}{section.2.7}% 18
\BOOKMARK [2][-]{subsection.2.7.2}{Parallel Hybrid Networks}{section.2.7}% 19
\BOOKMARK [0][-]{chapter.3}{Experiments}{}% 20
\BOOKMARK [1][-]{section.3.1}{Datasets}{chapter.3}% 21
\BOOKMARK [2][-]{subsection.3.1.1}{PASCAL VOC}{section.3.1}% 22
\BOOKMARK [2][-]{subsection.3.1.2}{KITTI}{section.3.1}% 23
\BOOKMARK [2][-]{subsection.3.1.3}{Toy Data}{section.3.1}% 24
\BOOKMARK [2][-]{subsection.3.1.4}{Test Invariances Toy Data}{section.3.1}% 25
\BOOKMARK [2][-]{subsection.3.1.5}{Classification Toy Data}{section.3.1}% 26
\BOOKMARK [1][-]{section.3.2}{Setup}{chapter.3}% 27
\BOOKMARK [2][-]{subsection.3.2.1}{Augmentations, Batchnorm, Multibox Loss, Optimizer}{section.3.2}% 28
\BOOKMARK [2][-]{subsection.3.2.2}{Hyperparameters}{section.3.2}% 29
\BOOKMARK [1][-]{section.3.3}{Classification}{chapter.3}% 30
\BOOKMARK [1][-]{section.3.4}{Object Detection}{chapter.3}% 31
\BOOKMARK [2][-]{subsection.3.4.1}{Baseline Performance of the SSD}{section.3.4}% 32
\BOOKMARK [2][-]{subsection.3.4.2}{Sequential Scattering}{section.3.4}% 33
\BOOKMARK [2][-]{subsection.3.4.3}{Parallel Scattering}{section.3.4}% 34
\BOOKMARK [2][-]{subsection.3.4.4}{Small Data Experiments}{section.3.4}% 35
\BOOKMARK [2][-]{subsection.3.4.5}{Timing exeriments}{section.3.4}% 36
\BOOKMARK [0][-]{chapter.4}{Results}{}% 37
\BOOKMARK [1][-]{section.4.1}{Classification}{chapter.4}% 38
\BOOKMARK [1][-]{section.4.2}{Object Detection}{chapter.4}% 39
\BOOKMARK [2][-]{subsection.4.2.1}{Baseline Performance of the SSD}{section.4.2}% 40
\BOOKMARK [2][-]{subsection.4.2.2}{Sequential Scattering}{section.4.2}% 41
\BOOKMARK [2][-]{subsection.4.2.3}{Parallel Scattering}{section.4.2}% 42
\BOOKMARK [2][-]{subsection.4.2.4}{Comparison of the Techniques}{section.4.2}% 43
\BOOKMARK [2][-]{subsection.4.2.5}{Small Data Experiments}{section.4.2}% 44
\BOOKMARK [2][-]{subsection.4.2.6}{Timing Evaluation}{section.4.2}% 45
\BOOKMARK [0][-]{chapter.5}{Conclusion}{}% 46
\BOOKMARK [1][-]{section.5.1}{Future Outlook}{chapter.5}% 47
\BOOKMARK [0][-]{chapter.6}{Appendix}{}% 48
\BOOKMARK [1][-]{section.6.1}{Negative Results}{chapter.6}% 49
\BOOKMARK [1][-]{section.6.2}{Explanations of the Scattering Transform}{chapter.6}% 50
\BOOKMARK [1][-]{section.6.3}{Results}{chapter.6}% 51
